Android/3DPS_Android/Application/build/outputs/logs/manifest-merger-debug-report.txt
-- Merging decision tree log ---
manifest
ADDED from src\main\AndroidManifest.xml:20:1-50:12
	package
		ADDED from src\main\AndroidManifest.xml:21:5-50
	android:versionName
		ADDED from src\main\AndroidManifest.xml:23:5-30
		INJECTED from src\main\AndroidManifest.xml
		INJECTED from src\main\AndroidManifest.xml
	android:versionCode
		ADDED from src\main\AndroidManifest.xml:22:5-28
		INJECTED from src\main\AndroidManifest.xml
		INJECTED from src\main\AndroidManifest.xml
	xmlns:android
		ADDED from src\main\AndroidManifest.xml:20:11-69
uses-feature#android.hardware.bluetooth_le
ADDED from src\main\AndroidManifest.xml:31:5-89
	android:required
		ADDED from src\main\AndroidManifest.xml:31:64-87
	android:name
		ADDED from src\main\AndroidManifest.xml:31:19-63
uses-permission#android.permission.BLUETOOTH
ADDED from src\main\AndroidManifest.xml:33:5-67
	android:name
		ADDED from src\main\AndroidManifest.xml:33:22-65
uses-permission#android.permission.BLUETOOTH_ADMIN
ADDED from src\main\AndroidManifest.xml:34:5-73
	android:name
		ADDED from src\main\AndroidManifest.xml:34:22-71
application
ADDED from src\main\AndroidManifest.xml:36:5-48:19
MERGED from [com.android.support:support-v13:25.1.0] AndroidManifest.xml:25:5-20
MERGED from [com.android.support:cardview-v7:25.1.0] AndroidManifest.xml:22:5-20
MERGED from [com.jjoe64:graphview:4.2.1] AndroidManifest.xml:11:5-12:19
MERGED from [com.android.support:support-v4:25.1.0] AndroidManifest.xml:25:5-20
MERGED from [com.android.support:support-fragment:25.1.0] AndroidManifest.xml:25:5-20
MERGED from [com.android.support:support-media-compat:25.1.0] AndroidManifest.xml:25:5-20
MERGED from [com.android.support:support-core-ui:25.1.0] AndroidManifest.xml:25:5-20
MERGED from [com.android.support:support-core-utils:25.1.0] AndroidManifest.xml:25:5-20
MERGED from [com.android.support:support-compat:25.1.0] AndroidManifest.xml:25:5-20
MERGED from [com.weigan:loopView:0.1.1] AndroidManifest.xml:11:5-12:19
MERGED from [com.antfortune.freeline:runtime:0.8.4] AndroidManifest.xml:13:5-33:19
	android:label
		ADDED from src\main\AndroidManifest.xml:36:18-50
	android:vmSafeMode
		ADDED from [com.antfortune.freeline:runtime:0.8.4] AndroidManifest.xml:13:18-43
	android:icon
		ADDED from src\main\AndroidManifest.xml:37:9-45
	android:theme
		ADDED from src\main\AndroidManifest.xml:38:9-56
activity#com.example.android.bluetoothlegatt.DeviceScanActivity
ADDED from src\main\AndroidManifest.xml:39:9-45:20
	android:label
		ADDED from src\main\AndroidManifest.xml:40:13-45
	android:name
		ADDED from src\main\AndroidManifest.xml:39:19-53
intent-filter#android.intent.action.MAIN+android.intent.category.LAUNCHER
ADDED from src\main\AndroidManifest.xml:41:13-44:29
action#android.intent.action.MAIN
ADDED from src\main\AndroidManifest.xml:42:17-68
	android:name
		ADDED from src\main\AndroidManifest.xml:42:25-66
category#android.intent.category.LAUNCHER
ADDED from src\main\AndroidManifest.xml:43:17-76
	android:name
		ADDED from src\main\AndroidManifest.xml:43:27-74
activity#com.example.android.bluetoothlegatt.DeviceControlActivity
ADDED from src\main\AndroidManifest.xml:46:9-58
	android:name
		ADDED from src\main\AndroidManifest.xml:46:19-56
service#com.example.android.bluetoothlegatt.BluetoothLeService
ADDED from src\main\AndroidManifest.xml:47:9-77
	android:enabled
		ADDED from src\main\AndroidManifest.xml:47:53-75
	android:name
		ADDED from src\main\AndroidManifest.xml:47:18-52
uses-sdk
INJECTED from src\main\AndroidManifest.xml reason: use-sdk injection requested
MERGED from [com.android.support:support-v13:25.1.0] AndroidManifest.xml:21:5-23:55
MERGED from [com.android.support:cardview-v7:25.1.0] AndroidManifest.xml:20:5-43
MERGED from [com.jjoe64:graphview:4.2.1] AndroidManifest.xml:7:5-9:41
MERGED from [com.android.support:support-v4:25.1.0] AndroidManifest.xml:21:5-23:54
MERGED from [com.android.support:support-fragment:25.1.0] AndroidManifest.xml:21:5-23:60
MERGED from [com.android.support:support-media-compat:25.1.0] AndroidManifest.xml:21:5-23:63
MERGED from [com.android.support:support-core-ui:25.1.0] AndroidManifest.xml:21:5-23:58
MERGED from [com.android.support:support-core-utils:25.1.0] AndroidManifest.xml:21:5-23:61
MERGED from [com.android.support:support-compat:25.1.0] AndroidManifest.xml:21:5-23:58
MERGED from [com.weigan:loopView:0.1.1] AndroidManifest.xml:7:5-9:41
MERGED from [com.antfortune.freeline:runtime:0.8.4] AndroidManifest.xml:7:5-9:41
	tools:overrideLibrary
		ADDED from [com.android.support:support-v13:25.1.0] AndroidManifest.xml:23:9-52
	android:targetSdkVersion
		INJECTED from src\main\AndroidManifest.xml
		INJECTED from src\main\AndroidManifest.xml
	android:minSdkVersion
		INJECTED from src\main\AndroidManifest.xml
		INJECTED from src\main\AndroidManifest.xml
uses-permission#android.permission.INTERNET
ADDED from [com.antfortune.freeline:runtime:0.8.4] AndroidManifest.xml:11:5-67
	android:name
		ADDED from [com.antfortune.freeline:runtime:0.8.4] AndroidManifest.xml:11:22-64
activity#com.antfortune.freeline.MiddlewareActivity
ADDED from [com.antfortune.freeline:runtime:0.8.4] AndroidManifest.xml:14:9-16:52
	android:screenOrientation
		ADDED from [com.antfortune.freeline:runtime:0.8.4] AndroidManifest.xml:16:13-49
	android:name
		ADDED from [com.antfortune.freeline:runtime:0.8.4] AndroidManifest.xml:15:13-70
service#com.antfortune.freeline.FreelineService
ADDED from [com.antfortune.freeline:runtime:0.8.4] AndroidManifest.xml:18:9-21:43
	android:process
		ADDED from [com.antfortune.freeline:runtime:0.8.4] AndroidManifest.xml:21:13-40
	android:exported
		ADDED from [com.antfortune.freeline:runtime:0.8.4] AndroidManifest.xml:20:13-36
	android:name
		ADDED from [com.antfortune.freeline:runtime:0.8.4] AndroidManifest.xml:19:13-67
service#com.antfortune.freeline.FreelineService$InnerService
ADDED from [com.antfortune.freeline:runtime:0.8.4] AndroidManifest.xml:22:9-24:43
	android:process
		ADDED from [com.antfortune.freeline:runtime:0.8.4] AndroidManifest.xml:24:13-40
	android:name
		ADDED from [com.antfortune.freeline:runtime:0.8.4] AndroidManifest.xml:23:13-80
receiver#com.antfortune.freeline.FreelineReceiver
ADDED from [com.antfortune.freeline:runtime:0.8.4] AndroidManifest.xml:26:9-32:20
	android:name
		ADDED from [com.antfortune.freeline:runtime:0.8.4] AndroidManifest.xml:26:19-74
intent-filter#android.intent.action.FreelineReceiver+android.intent.category.DEFAULT
ADDED from [com.antfortune.freeline:runtime:0.8.4] AndroidManifest.xml:27:13-31:29
action#android.intent.action.FreelineReceiver
ADDED from [com.antfortune.freeline:runtime:0.8.4] AndroidManifest.xml:28:17-81
	android:name
		ADDED from [com.antfortune.freeline:runtime:0.8.4] AndroidManifest.xml:28:25-78
category#android.intent.category.DEFAULT
ADDED from [com.antfortune.freeline:runtime:0.8.4] AndroidManifest.xml:30:17-76
	android:name
		ADDED from [com.antfortune.freeline:runtime:0.8.4] AndroidManifest.xml:30:27-73